<?xml version="1.0" encoding="UTF-8"?>
<!-- Generated by org.testng.reporters.JUnitXMLReporter -->
<testsuite hostname="DESKTOP-D23LR3J" failures="0" tests="11" name="Health Passbook" time="119.706" errors="0" timestamp="3 Sep 2021 09:49:05 GMT">
  <testcase classname="com.qa.tests.Health_PassBook_Test" name="doLoginTest" time="1.383"/>
  <testcase classname="com.qa.tests.Health_PassBook_Test" name="doNavigateToSelectHospitalLocationTest" time="86.879"/>
  <testcase classname="com.qa.tests.Health_PassBook_Test" name="doNavigateToHISHomeTest" time="1.386"/>
  <testcase classname="com.qa.tests.Health_PassBook_Test" name="DoNatigatetoHealth_Pasbook" time="1.426"/>
  <testcase classname="com.qa.tests.Health_PassBook_Test" name="dotestCaseForFunctionalityofIP_No_TextBox" time="0.099"/>
  <testcase classname="com.qa.tests.Health_PassBook_Test" name="dotestCaseForFunctionalityofLiveList_Link" time="0.097"/>
  <testcase classname="com.qa.tests.Health_PassBook_Test" name="dotestCaseForFunctionalityofSuperSpecialityButton" time="1.802"/>
  <testcase classname="com.qa.tests.Health_PassBook_Test" name="dotestCaseForFunctionalityofLiveList_RadioButton" time="0.658"/>
  <testcase classname="com.qa.tests.Health_PassBook_Test" name="dotestcaseForFunctionalityofLiveList_SelectButton" time="0.1"/>
  <testcase classname="com.qa.tests.Health_PassBook_Test" name="dotestcaseForFunctionalityofClearButton" time="1.112"/>
  <testcase classname="com.qa.tests.Health_PassBook_Test" name="ChecktheFunctionalityofPrintHealthPassbook" time="18.73"/>
</testsuite> <!-- Health Passbook -->
