<?xml version="1.0" encoding="UTF-8"?>
<!-- Generated by org.testng.reporters.JUnitXMLReporter -->
<testsuite ignored="0" hostname="DESKTOP-D23LR3J" failures="1" tests="7" name="Link UHID to IP NO" time="104.086" errors="0" timestamp="30 Mar 2022 10:46:24 GMT">
  <testcase classname="com.qa.tests.getOP_Patient_FeedbackTest" name="doLoginForOP_PatientFeedBackScreenTest" time="1.951"/>
  <testcase classname="com.qa.tests.getOP_Patient_FeedbackTest" name="doNavigateToSelectHospitalLocationTest" time="60.915"/>
  <testcase classname="com.qa.tests.getOP_Patient_FeedbackTest" name="doNavigateToHISHomeTest" time="2.114"/>
  <testcase classname="com.qa.tests.getOP_Patient_FeedbackTest" name="DoNatigatetoOP_Patient_Feedback" time="14.188"/>
  <testcase classname="com.qa.tests.getOP_Patient_FeedbackTest" name="ToCheckTheFunctionalityofMandatoryField" time="8.292"/>
  <testcase classname="com.qa.tests.getOP_Patient_FeedbackTest" name="ToCheckTheFunctionalityofclearbutton" time="0.624"/>
  <testcase classname="com.qa.tests.getOP_Patient_FeedbackTest" name="ToCheckTheFunctionalityofsavebutton" time="9.789">
    <failure type="org.openqa.selenium.WebDriverException" message="Element is not clickable at point (949, 626). Other element would receive the click: &amp;lt;div class=&amp;quot;modalBackground&amp;quot; style=&amp;quot;position: fixed; left: 0px; top: 0px; z-index: 10000; width: 1343px; height: 696px;&amp;quot; id=&amp;quot;ctl00_cphpage_ModalExtnd1LGD_backgroundElement&amp;quot;&amp;gt;&amp;lt;/div&amp;gt;
Command duration or timeout: 73 milliseconds
Build info: version: &amp;apos;2.53.0&amp;apos;, revision: &amp;apos;35ae25b1534ae328c771e0856c93e187490ca824&amp;apos;, time: &amp;apos;2016-03-15 10:43:46&amp;apos;
System info: host: &amp;apos;DESKTOP-D23LR3J&amp;apos;, ip: &amp;apos;169.254.64.180&amp;apos;, os.name: &amp;apos;Windows 10&amp;apos;, os.arch: &amp;apos;amd64&amp;apos;, os.version: &amp;apos;10.0&amp;apos;, java.version: &amp;apos;16.0.2&amp;apos;
Driver info: org.openqa.selenium.firefox.FirefoxDriver
Capabilities [{applicationCacheEnabled=true, rotatable=false, handlesAlerts=true, databaseEnabled=true, version=40.0.3, platform=WINDOWS, nativeEvents=false, acceptSslCerts=true, webStorageEnabled=true, locationContextEnabled=true, browserName=firefox, takesScreenshot=true, javascriptEnabled=true, cssSelectorsEnabled=true}]
Session ID: d0ca1bde-a6f6-474a-a826-23ea9557119a">
      <![CDATA[org.openqa.selenium.WebDriverException: Element is not clickable at point (949, 626). Other element would receive the click: <div class="modalBackground" style="position: fixed; left: 0px; top: 0px; z-index: 10000; width: 1343px; height: 696px;" id="ctl00_cphpage_ModalExtnd1LGD_backgroundElement"></div>
Command duration or timeout: 73 milliseconds
Build info: version: '2.53.0', revision: '35ae25b1534ae328c771e0856c93e187490ca824', time: '2016-03-15 10:43:46'
System info: host: 'DESKTOP-D23LR3J', ip: '169.254.64.180', os.name: 'Windows 10', os.arch: 'amd64', os.version: '10.0', java.version: '16.0.2'
Driver info: org.openqa.selenium.firefox.FirefoxDriver
Capabilities [{applicationCacheEnabled=true, rotatable=false, handlesAlerts=true, databaseEnabled=true, version=40.0.3, platform=WINDOWS, nativeEvents=false, acceptSslCerts=true, webStorageEnabled=true, locationContextEnabled=true, browserName=firefox, takesScreenshot=true, javascriptEnabled=true, cssSelectorsEnabled=true}]
Session ID: d0ca1bde-a6f6-474a-a826-23ea9557119a
at org.openqa.selenium.remote.ErrorHandler.createThrowable(ErrorHandler.java:206)
at org.openqa.selenium.remote.ErrorHandler.throwIfResponseFailed(ErrorHandler.java:158)
at org.openqa.selenium.remote.RemoteWebDriver.execute(RemoteWebDriver.java:678)
at org.openqa.selenium.remote.RemoteWebElement.execute(RemoteWebElement.java:327)
at org.openqa.selenium.remote.RemoteWebElement.click(RemoteWebElement.java:85)
at com.qa.tests.getOP_Patient_FeedbackTest.ToCheckTheFunctionalityofsavebutton(getOP_Patient_FeedbackTest.java:105)
... Removed 30 stack frames]]>
    </failure>
  </testcase> <!-- ToCheckTheFunctionalityofsavebutton -->
</testsuite> <!-- Link UHID to IP NO -->
