<?xml version="1.0" encoding="UTF-8"?>
<!-- Generated by org.testng.reporters.JUnitXMLReporter -->
<testsuite hostname="DESKTOP-D23LR3J" failures="0" tests="4" name="Test15" time="179.15" errors="0" timestamp="23 Jul 2021 17:23:26 GMT">
  <testcase classname="com.qa.tests.InpatientEmergencyPatientTest" name="doLoginTest" time="1.618"/>
  <testcase classname="com.qa.tests.InpatientEmergencyPatientTest" name="doNavigateToSelectHospitalLocationTest" time="4.258"/>
  <testcase classname="com.qa.tests.InpatientEmergencyPatientTest" name="doNavigateToHISHomeTest" time="2.222"/>
  <testcase classname="com.qa.tests.InpatientEmergencyPatientTest" name="doNavigateToClinicalRecord_Inpatients_EmergencyPatients" time="166.33"/>
</testsuite> <!-- Test15 -->
