<?xml version="1.0" encoding="UTF-8"?>
<!-- Generated by org.testng.reporters.JUnitXMLReporter -->
<testsuite ignored="0" hostname="DESKTOP-D23LR3J" failures="1" tests="5" name="Test3" time="51.761" errors="0" timestamp="2022-03-29T19:15:41 IST">
  <testcase classname="com.qa.tests.Check_In_Admission_of_Reffered_PatientsTest" name="doLoginTest" time="1.183"/>
  <testcase classname="com.qa.tests.Check_In_Admission_of_Reffered_PatientsTest" name="doNavigateToSelectHospitalLocationTest" time="2.996"/>
  <testcase classname="com.qa.tests.Check_In_Admission_of_Reffered_PatientsTest" name="doNavigateToHISHomeTest" time="1.243"/>
  <testcase classname="com.qa.tests.Check_In_Admission_of_Reffered_PatientsTest" name="doNavigateToCheck_In_Admission_of_Reffered_PatientsLink" time="0.738"/>
  <testcase classname="com.qa.tests.Check_In_Admission_of_Reffered_PatientsTest" name="doTestcaseforCheck_In_Admission_of_Reffered_PatientsLink" time="42.493">
    <failure type="java.lang.NullPointerException" message="Cannot invoke &amp;quot;org.openqa.selenium.WebElement.click()&amp;quot; because the return value of &amp;quot;com.qa.pages.Check_In_Admission_of_Reffered_PatientsPages.getCIAORP_Livelist_chkboxselect()&amp;quot; is null">
      <![CDATA[java.lang.NullPointerException: Cannot invoke "org.openqa.selenium.WebElement.click()" because the return value of "com.qa.pages.Check_In_Admission_of_Reffered_PatientsPages.getCIAORP_Livelist_chkboxselect()" is null
at com.qa.pages.Check_In_Admission_of_Reffered_PatientsPages.testcaseforCheck_In_Admission_of_Reffered_PatientsPages(Check_In_Admission_of_Reffered_PatientsPages.java:101)
at com.qa.tests.Check_In_Admission_of_Reffered_PatientsTest.doTestcaseforCheck_In_Admission_of_Reffered_PatientsLink(Check_In_Admission_of_Reffered_PatientsTest.java:51)
at java.base/java.util.ArrayList.forEach(ArrayList.java:1511)
... Removed 27 stack frames]]>
    </failure>
  </testcase> <!-- doTestcaseforCheck_In_Admission_of_Reffered_PatientsLink -->
</testsuite> <!-- Test3 -->
