<?xml version="1.0" encoding="UTF-8"?>
<!-- Generated by org.testng.reporters.JUnitXMLReporter -->
<testsuite hostname="DESKTOP-D23LR3J" failures="0" tests="6" name="Test4" time="247.429" errors="0" timestamp="12 Aug 2021 03:54:09 GMT">
  <testcase classname="com.qa.tests.PatientAdmissionTest" name="doLoginTest" time="11.024"/>
  <testcase classname="com.qa.tests.PatientAdmissionTest" name="doNavigateToSelectHospitalLocationTest" time="2.774"/>
  <testcase classname="com.qa.tests.PatientAdmissionTest" name="doNavigateToHISHomeTest" time="1.364"/>
  <testcase classname="com.qa.tests.PatientAdmissionTest" name="doNavigateToPatientAdmissionTest" time="1.475"/>
  <testcase classname="com.qa.tests.PatientAdmissionTest" name="verifyPatientAdmissionPageTitleTest" time="0.007"/>
  <testcase classname="com.qa.tests.PatientAdmissionTest" name="doPatientAdmissionTest" time="225.128"/>
</testsuite> <!-- Test4 -->
