<?xml version="1.0" encoding="UTF-8"?>
<!-- Generated by org.testng.reporters.JUnitXMLReporter -->
<testsuite hostname="DESKTOP-D23LR3J" failures="0" tests="5" name="Test25" time="21.875" errors="0" timestamp="23 Jul 2021 17:40:35 GMT">
  <testcase classname="com.qa.tests.StoreConsumptionTest" name="doLoginTest" time="1.535"/>
  <testcase classname="com.qa.tests.StoreConsumptionTest" name="doNavigateToSelectHospitalLocationTest" time="3.441"/>
  <testcase classname="com.qa.tests.StoreConsumptionTest" name="doNavigateToHISHomeTest" time="2.207"/>
  <testcase classname="com.qa.tests.StoreConsumptionTest" name="doNavigateAdjustmentTest" time="0.985"/>
  <testcase classname="com.qa.tests.StoreConsumptionTest" name="doAdjustmentTest" time="9.908"/>
</testsuite> <!-- Test25 -->
