<?xml version="1.0" encoding="UTF-8"?>
<!-- Generated by org.testng.reporters.JUnitXMLReporter -->
<testsuite ignored="0" hostname="DESKTOP-FEC8FTO" failures="1" tests="7" name="Firefox" time="178.47" errors="0" timestamp="2025-04-02T15:26:21 IST">
  <testcase classname="com.qa.HIS.BrowserCompatibility_HIS.AbhaNumberAndAbhaAddressTest" name="doLoginTest" time="9.748"/>
  <testcase classname="com.qa.HIS.BrowserCompatibility_HIS.AbhaNumberAndAbhaAddressTest" name="doNavigateToSelectHospitalLocationTest" time="1.009"/>
  <testcase classname="com.qa.HIS.BrowserCompatibility_HIS.AbhaNumberAndAbhaAddressTest" name="doNavigateToHISHomeTest" time="12.356"/>
  <testcase classname="com.qa.HIS.BrowserCompatibility_HIS.AbhaNumberAndAbhaAddressTest" name="doNavigateToHomeSampleCollectionSchedulerLink" time="14.226"/>
  <testcase classname="com.qa.HIS.BrowserCompatibility_HIS.AbhaNumberAndAbhaAddressTest" name="doCreateCheckInPageTest" time="46.809"/>
  <testcase classname="com.qa.HIS.BrowserCompatibility_HIS.AbhaNumberAndAbhaAddressTest" name="ProvisionToViewABHANumberandAadharAvailabilityStatusonPatientcasesheet" time="75.021">
    <failure type="java.lang.AssertionError" message="expected [Available] but found []">
      <![CDATA[java.lang.AssertionError: expected [Available] but found []
at com.qa.HIS.BrowserCompatibility_HIS.AbhaNumberAndAbhaAddressTest.ProvisionToViewABHANumberandAadharAvailabilityStatusonPatientcasesheet(AbhaNumberAndAbhaAddressTest.java:176)
at java.base/java.util.ArrayList.forEach(ArrayList.java:1596)
... Removed 31 stack frames]]>
    </failure>
  </testcase> <!-- ProvisionToViewABHANumberandAadharAvailabilityStatusonPatientcasesheet -->
  <testcase classname="com.qa.HIS.BrowserCompatibility_HIS.AbhaNumberAndAbhaAddressTest" name="ProvisionofABHANumberandABHAAddressinthePDFreports" time="10.34"/>
</testsuite> <!-- Firefox -->
