<?xml version="1.0" encoding="UTF-8"?>
<testng-results ignored="0" total="8" passed="8" failed="0" skipped="0">
  <reporter-output>
  </reporter-output>
  <suite started-at="2025-04-03T16:02:05 IST" name="Suite" finished-at="2025-04-03T16:06:59 IST" duration-ms="294957">
    <groups>
    </groups>
    <test started-at="2025-04-03T16:02:05 IST" name="Firefox" finished-at="2025-04-03T16:06:59 IST" duration-ms="294957">
      <class name="com.qa.HIS.BrowserCompatibility_HIS.HomeDrugDeliveryTest">
        <test-method is-config="true" signature="setup(java.lang.String)[pri:0, instance:com.qa.HIS.BrowserCompatibility_HIS.HomeDrugDeliveryTest@3a3e78f]" started-at="2025-04-03T16:02:05 IST" name="setup" finished-at="2025-04-03T16:02:08 IST" duration-ms="3296" status="PASS">
          <params>
            <param index="0">
              <value>
                <![CDATA[firefox]]>
              </value>
            </param>
          </params>
          <reporter-output>
          </reporter-output>
        </test-method> <!-- setup -->
        <test-method signature="doLoginTest()[pri:0, instance:com.qa.HIS.BrowserCompatibility_HIS.HomeDrugDeliveryTest@3a3e78f]" started-at="2025-04-03T16:02:08 IST" name="doLoginTest" finished-at="2025-04-03T16:02:09 IST" duration-ms="1022" status="PASS">
          <reporter-output>
          </reporter-output>
        </test-method> <!-- doLoginTest -->
        <test-method signature="doNavigateToSelectHospitalLocationTest()[pri:1, instance:com.qa.HIS.BrowserCompatibility_HIS.HomeDrugDeliveryTest@3a3e78f]" started-at="2025-04-03T16:02:09 IST" name="doNavigateToSelectHospitalLocationTest" finished-at="2025-04-03T16:02:10 IST" duration-ms="1017" status="PASS">
          <reporter-output>
          </reporter-output>
        </test-method> <!-- doNavigateToSelectHospitalLocationTest -->
        <test-method signature="doNavigateToHISHomeTest(java.lang.String)[pri:2, instance:com.qa.HIS.BrowserCompatibility_HIS.HomeDrugDeliveryTest@3a3e78f]" started-at="2025-04-03T16:02:10 IST" name="doNavigateToHISHomeTest" finished-at="2025-04-03T16:02:17 IST" duration-ms="7195" status="PASS">
          <params>
            <param index="0">
              <value>
                <![CDATA[firefox]]>
              </value>
            </param>
          </params>
          <reporter-output>
          </reporter-output>
        </test-method> <!-- doNavigateToHISHomeTest -->
        <test-method signature="donavigatetoHomeDrugDeliverlink()[pri:3, instance:com.qa.HIS.BrowserCompatibility_HIS.HomeDrugDeliveryTest@3a3e78f]" started-at="2025-04-03T16:02:18 IST" name="donavigatetoHomeDrugDeliverlink" finished-at="2025-04-03T16:02:19 IST" duration-ms="1526" status="PASS">
          <reporter-output>
          </reporter-output>
        </test-method> <!-- donavigatetoHomeDrugDeliverlink -->
        <test-method signature="Provision_to_submit_the_address_for_home_drug_delivery(java.lang.String)[pri:4, instance:com.qa.HIS.BrowserCompatibility_HIS.HomeDrugDeliveryTest@3a3e78f]" started-at="2025-04-03T16:02:19 IST" name="Provision_to_submit_the_address_for_home_drug_delivery" finished-at="2025-04-03T16:02:44 IST" duration-ms="24266" status="PASS">
          <params>
            <param index="0">
              <value>
                <![CDATA[firefox]]>
              </value>
            </param>
          </params>
          <reporter-output>
          </reporter-output>
        </test-method> <!-- Provision_to_submit_the_address_for_home_drug_delivery -->
        <test-method signature="check_the_eligibility_for_the_home_drug_delivery_by_the_OPD_Doctor(java.lang.String)[pri:5, instance:com.qa.HIS.BrowserCompatibility_HIS.HomeDrugDeliveryTest@3a3e78f]" started-at="2025-04-03T16:02:44 IST" name="check_the_eligibility_for_the_home_drug_delivery_by_the_OPD_Doctor" finished-at="2025-04-03T16:05:52 IST" duration-ms="187860" status="PASS">
          <params>
            <param index="0">
              <value>
                <![CDATA[firefox]]>
              </value>
            </param>
          </params>
          <reporter-output>
          </reporter-output>
        </test-method> <!-- check_the_eligibility_for_the_home_drug_delivery_by_the_OPD_Doctor -->
        <test-method signature="Provision_to_view_and_print_the_worklist_for_the_Home_Drug_Delivery(java.lang.String)[pri:6, instance:com.qa.HIS.BrowserCompatibility_HIS.HomeDrugDeliveryTest@3a3e78f]" started-at="2025-04-03T16:05:52 IST" name="Provision_to_view_and_print_the_worklist_for_the_Home_Drug_Delivery" finished-at="2025-04-03T16:06:05 IST" duration-ms="12914" status="PASS">
          <params>
            <param index="0">
              <value>
                <![CDATA[firefox]]>
              </value>
            </param>
          </params>
          <reporter-output>
          </reporter-output>
        </test-method> <!-- Provision_to_view_and_print_the_worklist_for_the_Home_Drug_Delivery -->
        <test-method signature="Home_Drug_Delivery_Report_HQ_Report(java.lang.String)[pri:7, instance:com.qa.HIS.BrowserCompatibility_HIS.HomeDrugDeliveryTest@3a3e78f]" started-at="2025-04-03T16:06:05 IST" name="Home_Drug_Delivery_Report_HQ_Report" finished-at="2025-04-03T16:06:59 IST" duration-ms="54664" status="PASS">
          <params>
            <param index="0">
              <value>
                <![CDATA[firefox]]>
              </value>
            </param>
          </params>
          <reporter-output>
          </reporter-output>
        </test-method> <!-- Home_Drug_Delivery_Report_HQ_Report -->
        <test-method is-config="true" signature="closeBrowser()[pri:0, instance:com.qa.HIS.BrowserCompatibility_HIS.HomeDrugDeliveryTest@3a3e78f]" started-at="2025-04-03T16:06:59 IST" name="closeBrowser" finished-at="2025-04-03T16:06:59 IST" duration-ms="0" status="PASS">
          <reporter-output>
          </reporter-output>
        </test-method> <!-- closeBrowser -->
      </class> <!-- com.qa.HIS.BrowserCompatibility_HIS.HomeDrugDeliveryTest -->
    </test> <!-- Firefox -->
  </suite> <!-- Suite -->
</testng-results>
