<?xml version="1.0" encoding="UTF-8"?>
<!-- Generated by org.testng.reporters.JUnitReportReporter -->
<testsuite hostname="DESKTOP-7NG2LHI" failures="1" tests="7" name="com.qa.HIS.BrowserCompatibility_HIS.DischargeSummaryTest" time="189.244" errors="0" timestamp="2024-02-26T09:33:18 IST" skipped="0">
  <testcase classname="com.qa.HIS.BrowserCompatibility_HIS.DischargeSummaryTest" name="doLoginTest" time="30.782"/>
  <system-out/>
  <testcase classname="com.qa.HIS.BrowserCompatibility_HIS.DischargeSummaryTest" name="doNavigateToSelectHospitalLocationTest" time="0.003"/>
  <system-out/>
  <testcase classname="com.qa.HIS.BrowserCompatibility_HIS.DischargeSummaryTest" name="doNavigateToHISHomeTest" time="12.634"/>
  <system-out/>
  <testcase classname="com.qa.HIS.BrowserCompatibility_HIS.DischargeSummaryTest" name="doNavigateTogetDischargeSummaryLinkTest" time="16.935"/>
  <system-out/>
  <testcase classname="com.qa.HIS.BrowserCompatibility_HIS.DischargeSummaryTest" name="CLM_Discharge_Summary_TC_7" time="0.682"/>
  <system-out/>
  <testcase classname="com.qa.HIS.BrowserCompatibility_HIS.DischargeSummaryTest" name="CLM_Discharge_Summary_TC_6" time="107.930">
    <failure message="printbtn  is not visible after searching for it expected [true] but found [false]" type="java.lang.AssertionError">
      <![CDATA[java.lang.AssertionError: printbtn  is not visible after searching for it expected [true] but found [false]
at org.testng.Assert.fail(Assert.java:99)
at org.testng.Assert.failNotEquals(Assert.java:1037)
at org.testng.Assert.assertEqualsImpl(Assert.java:140)
at org.testng.Assert.assertEquals(Assert.java:122)
at org.testng.Assert.assertEquals(Assert.java:819)
at com.qa.HIS.BrowserCompatibility_HIS.DischargeSummaryTest.CLM_Discharge_Summary_TC_6(DischargeSummaryTest.java:114)
at java.base/jdk.internal.reflect.NativeMethodAccessorImpl.invoke0(Native Method)
at java.base/jdk.internal.reflect.NativeMethodAccessorImpl.invoke(NativeMethodAccessorImpl.java:77)
at java.base/jdk.internal.reflect.DelegatingMethodAccessorImpl.invoke(DelegatingMethodAccessorImpl.java:43)
at java.base/java.lang.reflect.Method.invoke(Method.java:568)
at org.testng.internal.MethodInvocationHelper.invokeMethod(MethodInvocationHelper.java:133)
at org.testng.internal.TestInvoker.invokeMethod(TestInvoker.java:598)
at org.testng.internal.TestInvoker.invokeTestMethod(TestInvoker.java:173)
at org.testng.internal.MethodRunner.runInSequence(MethodRunner.java:46)
at org.testng.internal.TestInvoker$MethodInvocationAgent.invoke(TestInvoker.java:824)
at org.testng.internal.TestInvoker.invokeTestMethods(TestInvoker.java:146)
at org.testng.internal.TestMethodWorker.invokeTestMethods(TestMethodWorker.java:146)
at org.testng.internal.TestMethodWorker.run(TestMethodWorker.java:128)
at java.base/java.util.ArrayList.forEach(ArrayList.java:1511)
at org.testng.TestRunner.privateRun(TestRunner.java:794)
at org.testng.TestRunner.run(TestRunner.java:596)
at org.testng.SuiteRunner.runTest(SuiteRunner.java:377)
at org.testng.SuiteRunner.runSequentially(SuiteRunner.java:371)
at org.testng.SuiteRunner.privateRun(SuiteRunner.java:332)
at org.testng.SuiteRunner.run(SuiteRunner.java:276)
at org.testng.SuiteRunnerWorker.runSuite(SuiteRunnerWorker.java:53)
at org.testng.SuiteRunnerWorker.run(SuiteRunnerWorker.java:96)
at org.testng.TestNG.runSuitesSequentially(TestNG.java:1212)
at org.testng.TestNG.runSuitesLocally(TestNG.java:1134)
at org.testng.TestNG.runSuites(TestNG.java:1063)
at org.testng.TestNG.run(TestNG.java:1031)
at org.testng.remote.AbstractRemoteTestNG.run(AbstractRemoteTestNG.java:115)
at org.testng.remote.RemoteTestNG.initAndRun(RemoteTestNG.java:251)
at org.testng.remote.RemoteTestNG.main(RemoteTestNG.java:77)
]]>
    </failure>
  </testcase> <!-- CLM_Discharge_Summary_TC_6 -->
  <system-out/>
  <testcase classname="com.qa.HIS.BrowserCompatibility_HIS.DischargeSummaryTest" name="CLM_Discharge_Summary_TC_10" time="20.278"/>
  <system-out/>
</testsuite> <!-- com.qa.HIS.BrowserCompatibility_HIS.DischargeSummaryTest -->
