<?xml version="1.0" encoding="UTF-8"?>
<!-- Generated by org.testng.reporters.JUnitXMLReporter -->
<testsuite ignored="0" hostname="DESKTOP-D23LR3J" failures="0" tests="4" name="Edge" time="16.268" errors="0" timestamp="2022-05-10T11:07:00 IST">
  <testcase classname="com.qa.HIS.BrowserCompatibility_HIS.CDRTest" name="doLoginTest" time="0.761"/>
  <testcase classname="com.qa.HIS.BrowserCompatibility_HIS.CDRTest" name="doNavigateToSelectHospitalLocationTest" time="0.004"/>
  <testcase classname="com.qa.HIS.BrowserCompatibility_HIS.CDRTest" name="doNavigateToHISHomeTest" time="10.982"/>
  <testcase classname="com.qa.HIS.BrowserCompatibility_HIS.CDRTest" name="doNavigateToCDRTest" time="0.61"/>
</testsuite> <!-- Edge -->
